<?xml version="1.0" encoding="UTF-8"?>
<!-- Generated by org.testng.reporters.JUnitReportReporter -->
<testsuite hostname="WKWIN8183649" name="cellular.HomePage" tests="1" failures="0" timestamp="20 Jul 2020 04:34:23 GMT" time="45.006" errors="0">
  <testcase name="basePageNavigation" time="45.006" classname="cellular.HomePage"/>
</testsuite> <!-- cellular.HomePage -->
