<?xml version="1.0" encoding="UTF-8"?>
<!-- Generated by org.testng.reporters.JUnitReportReporter -->
<testsuite hostname="WKWIN8183649" failures="0" tests="1" name="cellular.AppTest" time="0.001" errors="0" timestamp="19 Jul 2020 09:50:07 GMT">
  <testcase classname="cellular.AppTest" name="shouldAnswerWithTrue" time="0.001"/>
</testsuite> <!-- cellular.AppTest -->
